<?xml version="1.0" encoding="UTF-8"?>
<!-- Generated by org.testng.reporters.JUnitReportReporter -->
<testsuite skipped="0" hostname="DESKTOP-9HOSIS4" name="TestCases.LoginFunction" tests="4" failures="0" timestamp="2022-04-16T13:07:58 GST" time="41.245" errors="0">
  <testcase name="LoginFailureTest" time="6.246" classname="TestCases.LoginFunction"/>
  <system-out/>
  <testcase name="ExcelDataLoginTest" time="14.923" classname="TestCases.LoginFunction"/>
  <system-out/>
  <testcase name="ParameterizedTest" time="8.518" classname="TestCases.LoginFunction"/>
  <system-out/>
  <testcase name="LoginSuccessTest" time="11.558" classname="TestCases.LoginFunction"/>
  <system-out/>
</testsuite> <!-- TestCases.LoginFunction -->
